#
# There is insufficient memory for the Java Runtime Environment to continue.
# Native memory allocation (malloc) failed to allocate 1048576 bytes for AllocateHeap
# Possible reasons:
#   The system is out of physical RAM or swap space
#   In 32 bit mode, the process size limit was hit
# Possible solutions:
#   Reduce memory load on the system
#   Increase physical memory or swap space
#   Check if swap backing store is full
#   Use 64 bit Java on a 64 bit OS
#   Decrease Java heap size (-Xmx/-Xms)
#   Decrease number of Java threads
#   Decrease Java thread stack sizes (-Xss)
#   Set larger code cache with -XX:ReservedCodeCacheSize=
# This output file may be truncated or incomplete.
#
#  Out of Memory Error (memory/allocation.inline.hpp:61), pid=9840, tid=0x0000000000003608
#
# JRE version:  (8.0_152-b16) (build )
# Java VM: Java HotSpot(TM) 64-Bit Server VM (25.152-b16 mixed mode windows-amd64 compressed oops)
# Failed to write core dump. Minidumps are not enabled by default on client versions of Windows
#

---------------  T H R E A D  ---------------

Current thread (0x0000000002b86800):  JavaThread "Unknown thread" [_thread_in_vm, id=13832, stack(0x0000000000f80000,0x0000000001080000)]

Stack: [0x0000000000f80000,0x0000000001080000]
[error occurred during error reporting (printing stack bounds), id 0xc0000005]

Native frames: (J=compiled Java code, j=interpreted, Vv=VM code, C=native code)


---------------  P R O C E S S  ---------------

Java Threads: ( => current thread )

Other Threads:

=>0x0000000002b86800 (exited) JavaThread "Unknown thread" [_thread_in_vm, id=13832, stack(0x0000000000f80000,0x0000000001080000)]

VM state:not at safepoint (normal execution)

VM Mutex/Monitor currently owned by a thread: None

Heap:
 PSYoungGen      total 57344K, used 983K [0x0000000780a00000, 0x0000000784a00000, 0x00000007c0000000)
  eden space 49152K, 2% used [0x0000000780a00000,0x0000000780af5c38,0x0000000783a00000)
  from space 8192K, 0% used [0x0000000784200000,0x0000000784200000,0x0000000784a00000)
  to   space 8192K, 0% used [0x0000000783a00000,0x0000000783a00000,0x0000000784200000)
 ParOldGen       total 131072K, used 0K [0x0000000701e00000, 0x0000000709e00000, 0x0000000780a00000)
  object space 131072K, 0% used [0x0000000701e00000,0x0000000701e00000,0x0000000709e00000)
 Metaspace       used 770K, capacity 4480K, committed 4480K, reserved 1056768K
  class space    used 75K, capacity 384K, committed 384K, reserved 1048576K

Card table byte_map: [0x00000000121f0000,0x00000000127f0000] byte_map_base: 0x000000000e9e1000

Marking Bits: (ParMarkBitMap*) 0x0000000066c90860
 Begin Bits: [0x0000000012ff0000, 0x0000000015f78000)
 End Bits:   [0x0000000015f78000, 0x0000000018f00000)

Polling page: 0x0000000000c00000

CodeCache: size=245760Kb used=328Kb max_used=328Kb free=245431Kb
 bounds [0x0000000002e30000, 0x00000000030a0000, 0x0000000011e30000]
 total_blobs=58 nmethods=0 adapters=38
 compilation: enabled

Compilation events (0 events):
No events

GC Heap History (0 events):
No events

Deoptimization events (0 events):
No events

Classes redefined (0 events):
No events

Internal exceptions (0 events):
No events

Events (10 events):
Event: 0.084 loading class java/lang/Short
Event: 0.085 loading class java/lang/Short done
Event: 0.085 loading class java/lang/Integer
Event: 0.085 loading class java/lang/Integer done
Event: 0.085 loading class java/lang/Long
Event: 0.085 loading class java/lang/Long done
Event: 0.085 loading class java/lang/NullPointerException
Event: 0.085 loading class java/lang/NullPointerException done
Event: 0.085 loading class java/lang/ArithmeticException
Event: 0.085 loading class java/lang/ArithmeticException done


Dynamic libraries:
0x00007ff683c80000 - 0x00007ff683cb7000 	C:\Program Files\Java\jdk1.8.0_152\bin\java.exe
0x00007fff198c0000 - 0x00007fff19ab0000 	C:\WINDOWS\SYSTEM32\ntdll.dll
0x00007fff197c0000 - 0x00007fff19872000 	C:\WINDOWS\System32\KERNEL32.DLL
0x00007fff17350000 - 0x00007fff175f5000 	C:\WINDOWS\System32\KERNELBASE.dll
0x00007fff185d0000 - 0x00007fff18673000 	C:\WINDOWS\System32\ADVAPI32.dll
0x00007fff18890000 - 0x00007fff1892e000 	C:\WINDOWS\System32\msvcrt.dll
0x00007fff18530000 - 0x00007fff185c7000 	C:\WINDOWS\System32\sechost.dll
0x00007fff191d0000 - 0x00007fff192f0000 	C:\WINDOWS\System32\RPCRT4.dll
0x00007fff17a20000 - 0x00007fff17bb4000 	C:\WINDOWS\System32\USER32.dll
0x00007fff170f0000 - 0x00007fff17111000 	C:\WINDOWS\System32\win32u.dll
0x00007fff18ad0000 - 0x00007fff18af6000 	C:\WINDOWS\System32\GDI32.dll
0x00007fff177a0000 - 0x00007fff17936000 	C:\WINDOWS\System32\gdi32full.dll
0x00007fff17220000 - 0x00007fff172be000 	C:\WINDOWS\System32\msvcp_win.dll
0x00007fff17120000 - 0x00007fff1721a000 	C:\WINDOWS\System32\ucrtbase.dll
0x00007fff08af0000 - 0x00007fff08d74000 	C:\WINDOWS\WinSxS\amd64_microsoft.windows.common-controls_6595b64144ccf1df_6.0.18362.1256_none_9e7e379be45e40e2\COMCTL32.dll
0x00007fff18e90000 - 0x00007fff191c6000 	C:\WINDOWS\System32\combase.dll
0x00007fff172c0000 - 0x00007fff17341000 	C:\WINDOWS\System32\bcryptPrimitives.dll
0x00007fff179f0000 - 0x00007fff17a1e000 	C:\WINDOWS\System32\IMM32.DLL
0x0000000066d10000 - 0x0000000066de2000 	C:\Program Files\Java\jdk1.8.0_152\jre\bin\msvcr100.dll
0x0000000066470000 - 0x0000000066d10000 	C:\Program Files\Java\jdk1.8.0_152\jre\bin\server\jvm.dll
0x00007fff18bd0000 - 0x00007fff18bd8000 	C:\WINDOWS\System32\PSAPI.DLL
0x00007fff09570000 - 0x00007fff09579000 	C:\WINDOWS\SYSTEM32\WSOCK32.dll
0x00007fff18d40000 - 0x00007fff18daf000 	C:\WINDOWS\System32\WS2_32.dll
0x00007fff0ca90000 - 0x00007fff0cab4000 	C:\WINDOWS\SYSTEM32\WINMM.dll
0x00007fff0b630000 - 0x00007fff0b63a000 	C:\WINDOWS\SYSTEM32\VERSION.dll
0x00007fff0ca60000 - 0x00007fff0ca8d000 	C:\WINDOWS\SYSTEM32\WINMMBASE.dll
0x00007fff17600000 - 0x00007fff1764a000 	C:\WINDOWS\System32\cfgmgr32.dll
0x0000000066460000 - 0x000000006646f000 	C:\Program Files\Java\jdk1.8.0_152\jre\bin\verify.dll
0x0000000066430000 - 0x0000000066459000 	C:\Program Files\Java\jdk1.8.0_152\jre\bin\java.dll
0x0000000066040000 - 0x0000000066063000 	C:\Program Files\Java\jdk1.8.0_152\jre\bin\instrument.dll
0x00000000663e0000 - 0x00000000663f6000 	C:\Program Files\Java\jdk1.8.0_152\jre\bin\zip.dll

VM Arguments:
jvm_args: -javaagent:D:\Program Files\idea\lib\idea_rt.jar=10375:D:\Program Files\idea\bin -Dfile.encoding=UTF-8 
java_command: com.bmb.compute.bioinfo.MybatisGenerate
java_class_path (initial): C:\Program Files\Java\jdk1.8.0_152\jre\lib\charsets.jar;C:\Program Files\Java\jdk1.8.0_152\jre\lib\deploy.jar;C:\Program Files\Java\jdk1.8.0_152\jre\lib\ext\access-bridge-64.jar;C:\Program Files\Java\jdk1.8.0_152\jre\lib\ext\cldrdata.jar;C:\Program Files\Java\jdk1.8.0_152\jre\lib\ext\dnsns.jar;C:\Program Files\Java\jdk1.8.0_152\jre\lib\ext\jaccess.jar;C:\Program Files\Java\jdk1.8.0_152\jre\lib\ext\jfxrt.jar;C:\Program Files\Java\jdk1.8.0_152\jre\lib\ext\localedata.jar;C:\Program Files\Java\jdk1.8.0_152\jre\lib\ext\nashorn.jar;C:\Program Files\Java\jdk1.8.0_152\jre\lib\ext\sunec.jar;C:\Program Files\Java\jdk1.8.0_152\jre\lib\ext\sunjce_provider.jar;C:\Program Files\Java\jdk1.8.0_152\jre\lib\ext\sunmscapi.jar;C:\Program Files\Java\jdk1.8.0_152\jre\lib\ext\sunpkcs11.jar;C:\Program Files\Java\jdk1.8.0_152\jre\lib\ext\zipfs.jar;C:\Program Files\Java\jdk1.8.0_152\jre\lib\javaws.jar;C:\Program Files\Java\jdk1.8.0_152\jre\lib\jce.jar;C:\Program Files\Java\jdk1.8.0_152\jre\lib\jfr.jar;C:\Program Files\Java\jdk1.8.0_152\jre\lib\jfxswt.jar;C:\Program Files\Java\jdk1.8.0_152\jre\lib\jsse.jar;C:\Program Files\Java\jdk1.8.0_152\jre\lib\management-agent.jar;C:\Program Files\Java\jdk1.8.0_152\jre\lib\plugin.jar;C:\Program Files\Java\jdk1.8.0_152\jre\lib\resources.jar;C:\Program Files\Java\jdk1.8.0_152\jre\lib\rt.jar;F:\Program Files\Code\bioinfo\target\classes;D:\Program Files\apache-maven-3.6.3\repository\org\springframework\boot\spring-boot-starter-web\2.4.4\spring-boot-starter-web-2.4.4.jar;D:\Program Files\apache-maven-3.6.3\repository\org\springframework\boot\spring-boot-starter\2.4.4\spring-boot-starter-2.4.4.jar;D:\Program Files\apache-maven-3.6.3\repository\org\springframework\boot\spring-boot-starter-logging\2.4.4\spring-boot-starter-logging-2.4.4.jar;D:\Program Files\apache-maven-3.6.3\repository\ch\qos\logback\logback-classic\1.2.3\logback-classic-1.2.3.jar;D:\Program Files\apache-maven-3.6.3\repository\ch\qos\logback\logback-core\1.2.3\logba
Launcher Type: SUN_STANDARD

Environment Variables:
JAVA_HOME=C:\Program Files\Java\jdk1.8.0_152
CLASSPATH=;C:\Program Files\Java\jdk1.8.0_152\lib\dt.jar;C:\Program Files\Java\jdk1.8.0_152\lib\tools.jar
PATH=C:\ProgramData\Oracle\Java\javapath;C:\WINDOWS\system32;C:\WINDOWS;C:\WINDOWS\System32\Wbem;C:\WINDOWS\System32\WindowsPowerShell\v1.0\;D:\Program Files\apache-maven-3.6.3\bin;C:\Users\admin\AppData\Local\Programs\Python\Python37\Scripts;C:\WINDOWS\System32\OpenSSH\;C:\Program Files\Intel\WiFi\bin\;C:\Program Files\Common Files\Intel\WirelessCommon\;C:\Program Files\dotnet\;C:\Program Files\Microsoft SQL Server\130\Tools\Binn\;D:\Users\admin\anaconda3;D:\Users\admin\anaconda3\Library\bin;D:\Users\admin\anaconda3\Scripts;D:\Users\admin\anaconda3\bin;d:\Program Files\MEGA-X;F:\texlive\2020\bin\win32;C:\Program Files\nodejs\;d:\Program Files\Git\cmd;C:\Users\admin\AppData\Local\Programs\Python\Python37\Scripts\;C:\Users\admin\AppData\Local\Programs\Python\Python37\;C:\Users\admin\AppData\Local\Microsoft\WindowsApps;C:\Program Files\Intel\WiFi\bin\;C:\Program Files\Common Files\Intel\WirelessCommon\;C:\Program Files\Java\jdk1.8.0_152/bin;d:\Program Files\idea\bin;;D:\Program Files\apache-maven-3.6.3\bin;d:\Program Files\JetBrains\PyCharm 2019.3.2\bin;;f:\Program Files\JetBrains\PyCharm Community Edition 2019.3.2\bin;;C:\Users\admin\.dotnet\tools;D:\Users\admin\anaconda3\bin;D:\Users\admin\anaconda3\Library\bin;D:\Users\admin\anaconda3\Scripts;D:\Users\admin\anaconda3;D:\Program Files (x86)\VSCode\bin;C:\Users\admin\AppData\Roaming\npm;C:\Program Files\nodejs\;
USERNAME=admin
OS=Windows_NT
PROCESSOR_IDENTIFIER=Intel64 Family 6 Model 61 Stepping 4, GenuineIntel



---------------  S Y S T E M  ---------------

OS: Windows 10.0 , 64 bit Build 18362 (10.0.18362.1110)

CPU:total 4 (initial active 4) (2 cores per cpu, 2 threads per core) family 6 model 61 stepping 4, cmov, cx8, fxsr, mmx, sse, sse2, sse3, ssse3, sse4.1, sse4.2, popcnt, avx, avx2, aes, clmul, erms, rtm, 3dnowpref, lzcnt, ht, tsc, tscinvbit, bmi1, bmi2, adx

Memory: 4k page, physical 12454128k(1112736k free), swap 12454128k(242316k free)

vm_info: Java HotSpot(TM) 64-Bit Server VM (25.152-b16) for windows-amd64 JRE (1.8.0_152-b16), built on Sep 14 2017 02:29:36 by "java_re" with MS VC++ 10.0 (VS2010)

time: Wed Apr 14 20:49:40 2021
elapsed time: 0 seconds (0d 0h 0m 0s)

